[debug] ----------------------------------------------------------------------
[debug] Command:      C:\Program Files\nodejs\node.exe C:\Users\stiago\AppData\Roaming\npm\node_modules\firebase-tools\bin\firebase serve
[debug] CLI Version:  3.2.1
[debug] Platform:     win32
[debug] Node Version: v7.4.0
[debug] Time:         Wed Jan 25 2017 15:12:29 GMT-0500 (SA Pacific Standard Time)
[debug] ----------------------------------------------------------------------
[debug] 
[info] Starting Firebase development server...
[info] 
[info] Project Directory: D:\Git\BarberoExpress\admin
[info] Public Directory: public
[info] 
[info] Server listening at: http://localhost:5000
[debug] ----------------------------------------------------------------------
[debug] Command:      C:\Program Files\nodejs\node.exe C:\Users\stiago\AppData\Roaming\npm\node_modules\firebase-tools\bin\firebase serve
[debug] CLI Version:  3.2.1
[debug] Platform:     win32
[debug] Node Version: v7.4.0
[debug] Time:         Wed Jan 25 2017 16:48:15 GMT-0500 (SA Pacific Standard Time)
[debug] ----------------------------------------------------------------------
[debug] 
[info] Starting Firebase development server...
[info] 
[info] Project Directory: D:\Git\BarberoExpress\admin
[info] Public Directory: public
[info] 
[info] Server listening at: http://localhost:5000
